<?xml version="1.0" encoding="UTF-8"?>
<testng-results ignored="0" total="1" passed="1" failed="0" skipped="0">
  <reporter-output>
  </reporter-output>
  <suite started-at="2024-12-17T13:32:47 IST" name="Suite" finished-at="2024-12-17T13:33:04 IST" duration-ms="16880">
    <groups>
    </groups>
    <test started-at="2024-12-17T13:32:47 IST" name="Test" finished-at="2024-12-17T13:33:04 IST" duration-ms="16880">
      <class name="Module1_LoginTest.SwagLabLoginTest">
        <test-method is-config="true" signature="openBrowser()[pri:0, instance:Module1_LoginTest.SwagLabLoginTest@243c4f91]" started-at="2024-12-17T13:32:47 IST" name="openBrowser" finished-at="2024-12-17T13:32:53 IST" duration-ms="5972" status="PASS">
          <reporter-output>
          </reporter-output>
        </test-method> <!-- openBrowser -->
        <test-method is-config="true" signature="LoginToApp()[pri:0, instance:Module1_LoginTest.SwagLabLoginTest@243c4f91]" started-at="2024-12-17T13:32:53 IST" name="LoginToApp" finished-at="2024-12-17T13:32:56 IST" duration-ms="2791" status="PASS">
          <reporter-output>
          </reporter-output>
        </test-method> <!-- LoginToApp -->
        <test-method signature="verifyLogo()[pri:0, instance:Module1_LoginTest.SwagLabLoginTest@243c4f91]" started-at="2024-12-17T13:32:56 IST" name="verifyLogo" finished-at="2024-12-17T13:32:56 IST" duration-ms="96" status="PASS">
          <reporter-output>
          </reporter-output>
        </test-method> <!-- verifyLogo -->
        <test-method is-config="true" signature="LogoutFromApp(org.testng.ITestResult)[pri:0, instance:Module1_LoginTest.SwagLabLoginTest@243c4f91]" started-at="2024-12-17T13:32:56 IST" name="LogoutFromApp" finished-at="2024-12-17T13:33:03 IST" duration-ms="7303" status="PASS">
          <params>
            <param index="0">
              <value>
                <![CDATA[[TestResult name=verifyLogo status=SUCCESS method=SwagLabLoginTest.verifyLogo()[pri:0, instance:Module1_LoginTest.SwagLabLoginTest@243c4f91] output={null}]]]>
              </value>
            </param>
          </params>
          <reporter-output>
          </reporter-output>
        </test-method> <!-- LogoutFromApp -->
        <test-method is-config="true" signature="closeBrowser()[pri:0, instance:Module1_LoginTest.SwagLabLoginTest@243c4f91]" started-at="2024-12-17T13:33:03 IST" name="closeBrowser" finished-at="2024-12-17T13:33:04 IST" duration-ms="614" status="PASS">
          <reporter-output>
          </reporter-output>
        </test-method> <!-- closeBrowser -->
      </class> <!-- Module1_LoginTest.SwagLabLoginTest -->
    </test> <!-- Test -->
  </suite> <!-- Suite -->
</testng-results>
