<?xml version="1.0" encoding="UTF-8"?>
<testng-results ignored="0" total="1" passed="1" failed="0" skipped="0">
  <reporter-output>
  </reporter-output>
  <suite started-at="2024-12-17T12:56:56 IST" name="Suite" finished-at="2024-12-17T12:57:11 IST" duration-ms="15512">
    <groups>
    </groups>
    <test started-at="2024-12-17T12:56:56 IST" name="Test" finished-at="2024-12-17T12:57:11 IST" duration-ms="15512">
      <class name="Module1_LoginTest.SwagLabLoginTest">
        <test-method is-config="true" signature="openBrowser()[pri:0, instance:Module1_LoginTest.SwagLabLoginTest@7b2bbc3]" started-at="2024-12-17T12:56:56 IST" name="openBrowser" finished-at="2024-12-17T12:57:01 IST" duration-ms="4832" status="PASS">
          <reporter-output>
          </reporter-output>
        </test-method> <!-- openBrowser -->
        <test-method is-config="true" signature="LoginToApp()[pri:0, instance:Module1_LoginTest.SwagLabLoginTest@7b2bbc3]" started-at="2024-12-17T12:57:01 IST" name="LoginToApp" finished-at="2024-12-17T12:57:04 IST" duration-ms="2696" status="PASS">
          <reporter-output>
          </reporter-output>
        </test-method> <!-- LoginToApp -->
        <test-method signature="verifyLogo()[pri:0, instance:Module1_LoginTest.SwagLabLoginTest@7b2bbc3]" started-at="2024-12-17T12:57:04 IST" name="verifyLogo" finished-at="2024-12-17T12:57:04 IST" duration-ms="93" status="PASS">
          <reporter-output>
          </reporter-output>
        </test-method> <!-- verifyLogo -->
        <test-method is-config="true" signature="LogoutFromApp(org.testng.ITestResult)[pri:0, instance:Module1_LoginTest.SwagLabLoginTest@7b2bbc3]" started-at="2024-12-17T12:57:04 IST" name="LogoutFromApp" finished-at="2024-12-17T12:57:11 IST" duration-ms="7302" status="PASS">
          <params>
            <param index="0">
              <value>
                <![CDATA[[TestResult name=verifyLogo status=SUCCESS method=SwagLabLoginTest.verifyLogo()[pri:0, instance:Module1_LoginTest.SwagLabLoginTest@7b2bbc3] output={null}]]]>
              </value>
            </param>
          </params>
          <reporter-output>
          </reporter-output>
        </test-method> <!-- LogoutFromApp -->
        <test-method is-config="true" signature="closeBrowser()[pri:0, instance:Module1_LoginTest.SwagLabLoginTest@7b2bbc3]" started-at="2024-12-17T12:57:11 IST" name="closeBrowser" finished-at="2024-12-17T12:57:11 IST" duration-ms="494" status="PASS">
          <reporter-output>
          </reporter-output>
        </test-method> <!-- closeBrowser -->
      </class> <!-- Module1_LoginTest.SwagLabLoginTest -->
    </test> <!-- Test -->
  </suite> <!-- Suite -->
</testng-results>
